<?xml version="1.0" encoding="UTF-8"?>
<!-- Generated by org.testng.reporters.JUnitReportReporter -->
<testsuite hostname="Abhijith" failures="0" tests="2" name="dataprovider.ToLearnDataProvider" time="10.598" errors="0" timestamp="2023-12-26T12:17:14 IST" skipped="0">
  <testcase classname="dataprovider.ToLearnDataProvider" name="login" time="6.774"/>
  <testcase classname="dataprovider.ToLearnDataProvider" name="login" time="3.824"/>
</testsuite> <!-- dataprovider.ToLearnDataProvider -->
