<?xml version="1.0" encoding="UTF-8"?>
<!-- Generated by org.testng.reporters.JUnitReportReporter -->
<testsuite hostname="Abhijith" failures="0" tests="1" name="testng.TestScript" time="1.980" errors="0" timestamp="2023-12-26T15:46:19 IST" skipped="0">
  <testcase classname="testng.TestScript" name="addToCart" time="1.980">
    <system-out>
      <![CDATA[product added to cart]]>
    </system-out>
  </testcase> <!-- addToCart -->
  <system-out>
    <![CDATA[Report configuration
product added to cart
report backup]]>
  </system-out>
</testsuite> <!-- testng.TestScript -->
