<?xml version="1.0" encoding="UTF-8"?>
<!-- Generated by org.testng.reporters.JUnitReportReporter -->
<testsuite hostname="Abhijith" failures="0" tests="2" name="testng.DependsOnMethods" time="6.662" errors="0" timestamp="2023-12-23T11:34:57 IST" skipped="0">
  <testcase classname="testng.DependsOnMethods" name="register" time="3.951">
    <system-out>
      <![CDATA[register test case executed..]]>
    </system-out>
  </testcase> <!-- register -->
  <testcase classname="testng.DependsOnMethods" name="login" time="2.711">
    <system-out>
      <![CDATA[login test case executed..]]>
    </system-out>
  </testcase> <!-- login -->
  <system-out>
    <![CDATA[register test case executed..
login test case executed..]]>
  </system-out>
</testsuite> <!-- testng.DependsOnMethods -->
