<?xml version="1.0" encoding="UTF-8"?>
<!-- Generated by org.testng.reporters.JUnitReportReporter -->
<testsuite hostname="Abhijith" failures="0" tests="1" name="testng.Wipro" time="10.954" errors="0" timestamp="2023-12-23T12:09:52 IST" skipped="0">
  <testcase classname="testng.Wipro" name="launchWipro" time="10.954">
    <system-out>
      <![CDATA[Wipro class executed..]]>
    </system-out>
  </testcase> <!-- launchWipro -->
  <system-out>
    <![CDATA[Infosys class executed..
TestYantra class executed..
Wipro class executed..]]>
  </system-out>
</testsuite> <!-- testng.Wipro -->
