<?xml version="1.0" encoding="UTF-8"?>
<!-- Generated by org.testng.reporters.JUnitReportReporter -->
<testsuite hostname="Abhijith" failures="0" tests="1" name="testng.TestYantra" time="2.449" errors="0" timestamp="2023-12-23T12:19:59 IST" skipped="0">
  <testcase classname="testng.TestYantra" name="launchTestYantra" time="2.449">
    <system-out>
      <![CDATA[TestYantra class executed..]]>
    </system-out>
  </testcase> <!-- launchTestYantra -->
  <system-out>
    <![CDATA[Infosys class executed..
TestYantra class executed..]]>
  </system-out>
</testsuite> <!-- testng.TestYantra -->
