<?xml version="1.0" encoding="UTF-8"?>
<!-- Generated by org.testng.reporters.JUnitReportReporter -->
<testsuite hostname="Abhijith" failures="0" tests="1" name="crossBrowser.ToLearnCrossBrowserTesting" time="8.120" errors="0" timestamp="2023-12-26T15:38:08 IST" skipped="0">
  <testcase classname="crossBrowser.ToLearnCrossBrowserTesting" name="test" time="8.120"/>
</testsuite> <!-- crossBrowser.ToLearnCrossBrowserTesting -->
