<?xml version="1.0" encoding="UTF-8"?>
<!-- Generated by org.testng.reporters.JUnitReportReporter -->
<testsuite hostname="Abhijith" failures="0" tests="1" name="testng.Infosys" time="5.080" errors="0" timestamp="2023-12-23T12:26:35 IST" skipped="0">
  <testcase classname="testng.Infosys" name="launchInfosys" time="5.080">
    <system-out>
      <![CDATA[Infosys class executed..]]>
    </system-out>
  </testcase> <!-- launchInfosys -->
  <system-out>
    <![CDATA[Infosys class executed..]]>
  </system-out>
</testsuite> <!-- testng.Infosys -->
