<?xml version="1.0" encoding="UTF-8"?>
<!-- Generated by org.testng.reporters.JUnitReportReporter -->
<testsuite hostname="Abhijith" failures="0" tests="1" name="assertions.TestScript" time="5.841" errors="0" timestamp="2023-12-26T12:17:38 IST" skipped="0">
  <testcase classname="assertions.TestScript" name="login" time="5.841">
    <system-out>
      <![CDATA[Login page is displayed
User failed to login]]>
    </system-out>
  </testcase> <!-- login -->
  <system-out>
    <![CDATA[Login page is displayed
User failed to login]]>
  </system-out>
</testsuite> <!-- assertions.TestScript -->
