<?xml version="1.0" encoding="UTF-8"?>
<!-- Generated by org.testng.reporters.JUnitReportReporter -->
<testsuite hostname="Abhijith" failures="0" tests="4" name="testng.AnnotationAttributes" time="10.253" errors="0" timestamp="2023-12-23T11:16:01 IST" skipped="1">
  <testcase classname="testng.AnnotationAttributes" name="login" time="4.178">
    <system-out>
      <![CDATA[login test case executed..]]>
    </system-out>
  </testcase> <!-- login -->
  <testcase classname="testng.AnnotationAttributes" name="login" time="3.016">
    <system-out>
      <![CDATA[login test case executed..]]>
    </system-out>
  </testcase> <!-- login -->
  <testcase classname="testng.AnnotationAttributes" name="login" time="3.059">
    <system-out>
      <![CDATA[login test case executed..]]>
    </system-out>
  </testcase> <!-- login -->
  <testcase classname="testng.AnnotationAttributes" name="register">
    <skipped/>
  </testcase> <!-- register -->
  <system-out>
    <![CDATA[login test case executed..
login test case executed..
login test case executed..]]>
  </system-out>
</testsuite> <!-- testng.AnnotationAttributes -->
