<?xml version="1.0" encoding="UTF-8"?>
<!-- Generated by org.testng.reporters.JUnitReportReporter -->
<testsuite hostname="Abhijith" failures="0" tests="2" name="testng.ConfigurationAnnotations" time="0.011" errors="0" timestamp="2023-12-26T10:22:57 IST" skipped="0">
  <testcase classname="testng.ConfigurationAnnotations" name="demo" time="0.007">
    <system-out>
      <![CDATA[@Test(demo)]]>
    </system-out>
  </testcase> <!-- demo -->
  <testcase classname="testng.ConfigurationAnnotations" name="demo2" time="0.004">
    <system-out>
      <![CDATA[@Test(demo2)]]>
    </system-out>
  </testcase> <!-- demo2 -->
  <system-out>
    <![CDATA[@Beforesuite
@BeforeTest
@BeforeClass
@BeforeMethod
@Test(demo)
@AfterMethod
@BeforeMethod
@Test(demo2)
@AfterMethod
@AfterClass
@AfterTest
@AfterSuite]]>
  </system-out>
</testsuite> <!-- testng.ConfigurationAnnotations -->
