<?xml version="1.0" encoding="UTF-8"?>
<!-- Generated by org.testng.reporters.JUnitReportReporter -->
<testsuite hostname="Abhijith" failures="0" tests="3" name="testng.ToLearnTestNg" time="0.010" errors="0" timestamp="2023-12-23T10:21:53 IST" skipped="0">
  <testcase classname="testng.ToLearnTestNg" name="demo" time="0.001">
    <system-out>
      <![CDATA[demo test case executed]]>
    </system-out>
  </testcase> <!-- demo -->
  <testcase classname="testng.ToLearnTestNg" name="sample" time="0.001">
    <system-out>
      <![CDATA[sample testcase executed...]]>
    </system-out>
  </testcase> <!-- sample -->
  <testcase classname="testng.ToLearnTestNg" name="Demo" time="0.008">
    <system-out>
      <![CDATA[Demo testcase executed..]]>
    </system-out>
  </testcase> <!-- Demo -->
  <system-out>
    <![CDATA[Demo testcase executed..
demo test case executed
sample testcase executed...]]>
  </system-out>
</testsuite> <!-- testng.ToLearnTestNg -->
